#
# A fatal error has been detected by the Java Runtime Environment:
#
#  EXCEPTION_ACCESS_VIOLATION (0xc0000005) at pc=0x64a06e8b, pid=12984, tid=0x00002254
#
# JRE version: Java(TM) SE Runtime Environment (8.0_131-b11) (build 1.8.0_131-b11)
# Java VM: Java HotSpot(TM) Client VM (25.131-b11 mixed mode, sharing windows-x86 )
# Problematic frame:
# V  [jvm.dll+0xd6e8b]
#
# Failed to write core dump. Minidumps are not enabled by default on client versions of Windows
#
# If you would like to submit a bug report, please visit:
#   http://bugreport.java.com/bugreport/crash.jsp
#

---------------  T H R E A D  ---------------

Current thread (0x0067d400):  JavaThread "main" [_thread_in_vm, id=8788, stack(0x00bd0000,0x00c20000)]

siginfo: ExceptionCode=0xc0000005, reading address 0x00000000

Registers:
EAX=0x00000000, EBX=0x0067d400, ECX=0x00000000, EDX=0x0067cfa8
ESP=0x00c1f1a4, EBP=0x00c1f1c0, ESI=0x0067d540, EDI=0x00000000
EIP=0x64a06e8b, EFLAGS=0x00010246

Top of Stack: (sp=0x00c1f1a4)
0x00c1f1a4:   00000000 0067d540 006dac88 0067d400
0x00c1f1b4:   00000000 0067d400 00000000 00000000
0x00c1f1c4:   00e9d543 0067d540 00000000 00000003
0x00c1f1d4:   0067d540 00e91c81 0067d540 00000000
0x00c1f1e4:   0067d400 152d5f30 00c1f694 152d5f30
0x00c1f1f4:   006b898c 006dac78 00c1f6a4 0000000d
0x00c1f204:   00c1f6a8 00000005 156ca370 0067d400
0x00c1f214:   0067d400 00c1f348 00c1f6b8 649b2efd 

Instructions: (pc=0x64a06e8b)
0x64a06e6b:   f3 ff 83 c4 08 83 7b 04 00 89 5d f0 c7 45 f4 00
0x64a06e7b:   00 00 00 74 08 8d 4d f0 e8 88 13 0d 00 8b 45 0c
0x64a06e8b:   8b 08 8b 51 04 8b 42 38 50 56 e8 e6 4f 08 00 83
0x64a06e9b:   c4 08 83 7d f4 00 89 45 08 74 08 8d 4d f0 e8 a2 


Register to memory mapping:

EAX=0x00000000 is an unknown value
EBX=0x0067d400 is a thread
ECX=0x00000000 is an unknown value
EDX=0x0067cfa8 is an unknown value
ESP=0x00c1f1a4 is pointing into the stack for thread: 0x0067d400
EBP=0x00c1f1c0 is pointing into the stack for thread: 0x0067d400
ESI=0x0067d540 is an unknown value
EDI=0x00000000 is an unknown value


Stack: [0x00bd0000,0x00c20000],  sp=0x00c1f1a4,  free space=316k
Native frames: (J=compiled Java code, j=interpreted, Vv=VM code, C=native code)
V  [jvm.dll+0xd6e8b]
C  [jacob-1.17-x86.dll+0xd543]

Java frames: (J=compiled Java code, j=interpreted, Vv=VM code)
j  com.jacob.com.Dispatch.invokev(Lcom/jacob/com/Dispatch;Ljava/lang/String;III[Lcom/jacob/com/Variant;[I)Lcom/jacob/com/Variant;+0
j  com.jacob.com.Dispatch.invokev(Lcom/jacob/com/Dispatch;Ljava/lang/String;I[Lcom/jacob/com/Variant;[I)Lcom/jacob/com/Variant;+14
j  com.jacob.com.Dispatch.callN(Lcom/jacob/com/Dispatch;Ljava/lang/String;[Ljava/lang/Object;)Lcom/jacob/com/Variant;+15
j  com.jacob.activeX.ActiveXComponent.invoke(Ljava/lang/String;[Lcom/jacob/com/Variant;)Lcom/jacob/com/Variant;+3
j  com.TestConstructor.<init>()V+357
j  com.Test.main([Ljava/lang/String;)V+4
v  ~StubRoutines::call_stub

---------------  P R O C E S S  ---------------

Java Threads: ( => current thread )
  0x15c99400 JavaThread "Service Thread" daemon [_thread_blocked, id=1276, stack(0x15e00000,0x15e50000)]
  0x15c7e000 JavaThread "C1 CompilerThread0" daemon [_thread_blocked, id=14848, stack(0x155e0000,0x15630000)]
  0x15c86800 JavaThread "Monitor Ctrl-Break" daemon [_thread_in_native, id=16144, stack(0x15550000,0x155a0000)]
  0x00e30000 JavaThread "Attach Listener" daemon [_thread_blocked, id=252, stack(0x15500000,0x15550000)]
  0x00e2e400 JavaThread "Signal Dispatcher" daemon [_thread_blocked, id=15100, stack(0x149c0000,0x14a10000)]
  0x00e15000 JavaThread "Finalizer" daemon [_thread_blocked, id=360, stack(0x148d0000,0x14920000)]
  0x00db8400 JavaThread "Reference Handler" daemon [_thread_blocked, id=9596, stack(0x14840000,0x14890000)]
=>0x0067d400 JavaThread "main" [_thread_in_vm, id=8788, stack(0x00bd0000,0x00c20000)]

Other Threads:
  0x00db4800 VMThread [stack: 0x047b0000,0x04800000] [id=5448]
  0x15c84400 WatcherThread [stack: 0x15e90000,0x15ee0000] [id=3536]

VM state:not at safepoint (normal execution)

VM Mutex/Monitor currently owned by a thread: None

Heap:
 def new generation   total 4928K, used 2361K [0x04800000, 0x04d50000, 0x09d50000)
  eden space 4416K,  53% used [0x04800000, 0x04a4e658, 0x04c50000)
  from space 512K,   0% used [0x04c50000, 0x04c50000, 0x04cd0000)
  to   space 512K,   0% used [0x04cd0000, 0x04cd0000, 0x04d50000)
 tenured generation   total 10944K, used 0K [0x09d50000, 0x0a800000, 0x14800000)
   the space 10944K,   0% used [0x09d50000, 0x09d50000, 0x09d50200, 0x0a800000)
 Metaspace       used 381K, capacity 2376K, committed 2496K, reserved 4480K

Card table byte_map: [0x046c0000,0x04750000] byte_map_base: 0x0469c000

Polling page: 0x00650000

CodeCache: size=32768Kb used=769Kb max_used=769Kb free=31998Kb
 bounds [0x02640000, 0x02708000, 0x04640000]
 total_blobs=207 nmethods=44 adapters=94
 compilation: enabled

Compilation events (10 events):
Event: 0.125 Thread 0x15c7e000   40             java.lang.String::startsWith (7 bytes)
Event: 0.125 Thread 0x15c7e000 nmethod 40 0x026fcf48 code [0x026fd040, 0x026fd0dc]
Event: 0.126 Thread 0x15c7e000   41             sun.nio.cs.ext.DoubleByte$Encoder::encodeChar (21 bytes)
Event: 0.126 Thread 0x15c7e000 nmethod 41 0x026fdbc8 code [0x026fdcc0, 0x026fdd90]
Event: 0.129 Thread 0x15c7e000   42             java.lang.String::getChars (62 bytes)
Event: 0.129 Thread 0x15c7e000 nmethod 42 0x026fde88 code [0x026fdfc0, 0x026fe1e0]
Event: 0.130 Thread 0x15c7e000   43             sun.nio.cs.ext.DoubleByte$Encoder::encode (161 bytes)
Event: 0.131 Thread 0x15c7e000 nmethod 43 0x026fe3c8 code [0x026fe4f0, 0x026fe830]
Event: 2.162 Thread 0x15c7e000   44             java.util.ArrayList::size (5 bytes)
Event: 2.162 Thread 0x15c7e000 nmethod 44 0x02700448 code [0x02700540, 0x027005c0]

GC Heap History (0 events):
No events

Deoptimization events (0 events):
No events

Internal exceptions (6 events):
Event: 0.018 Thread 0x0067d400 Exception <a 'java/lang/NoSuchMethodError': Method sun.misc.Unsafe.defineClass(Ljava/lang/String;[BII)Ljava/lang/Class; name or signature does not match> (0x048079c0) thrown at [C:\re\workspace\8-2-build-windows-i586-cygwin\jdk8u131\8869\hotspot\src\share
Event: 0.018 Thread 0x0067d400 Exception <a 'java/lang/NoSuchMethodError': Method sun.misc.Unsafe.prefetchRead(Ljava/lang/Object;J)V name or signature does not match> (0x04807c90) thrown at [C:\re\workspace\8-2-build-windows-i586-cygwin\jdk8u131\8869\hotspot\src\share\vm\prims\jni.cpp,
Event: 0.120 Thread 0x0067d400 Exception <a 'java/security/PrivilegedActionException'> (0x049c7e90) thrown at [C:\re\workspace\8-2-build-windows-i586-cygwin\jdk8u131\8869\hotspot\src\share\vm\prims\jvm.cpp, line 1390]
Event: 0.120 Thread 0x0067d400 Exception <a 'java/security/PrivilegedActionException'> (0x049c8090) thrown at [C:\re\workspace\8-2-build-windows-i586-cygwin\jdk8u131\8869\hotspot\src\share\vm\prims\jvm.cpp, line 1390]
Event: 0.121 Thread 0x0067d400 Exception <a 'java/security/PrivilegedActionException'> (0x049cc168) thrown at [C:\re\workspace\8-2-build-windows-i586-cygwin\jdk8u131\8869\hotspot\src\share\vm\prims\jvm.cpp, line 1390]
Event: 0.121 Thread 0x0067d400 Exception <a 'java/security/PrivilegedActionException'> (0x049cc368) thrown at [C:\re\workspace\8-2-build-windows-i586-cygwin\jdk8u131\8869\hotspot\src\share\vm\prims\jvm.cpp, line 1390]

Events (10 events):
Event: 2.156 loading class com/jacob/com/VariantUtilities
Event: 2.156 loading class com/jacob/com/VariantUtilities done
Event: 2.157 loading class com/jacob/com/Currency
Event: 2.157 loading class com/jacob/com/Currency done
Event: 2.157 loading class com/jacob/com/SafeArray
Event: 2.157 loading class com/jacob/com/SafeArray done
Event: 2.158 loading class java/math/BigDecimal
Event: 2.158 loading class java/math/BigDecimal done
Event: 2.159 loading class java/math/BigDecimal$1
Event: 2.159 loading class java/math/BigDecimal$1 done


Dynamic libraries:
0x00ec0000 - 0x00ef3000 	C:\Program Files (x86)\Java\jdk1.8.0_131\bin\java.exe
0x77680000 - 0x7780e000 	C:\WINDOWS\SYSTEM32\ntdll.dll
0x75a40000 - 0x75b10000 	C:\WINDOWS\System32\KERNEL32.DLL
0x755f0000 - 0x757b2000 	C:\WINDOWS\System32\KERNELBASE.dll
0x71660000 - 0x716f3000 	C:\WINDOWS\SYSTEM32\apphelp.dll
0x76700000 - 0x76777000 	C:\WINDOWS\System32\ADVAPI32.dll
0x75860000 - 0x7591d000 	C:\WINDOWS\System32\msvcrt.dll
0x774d0000 - 0x77511000 	C:\WINDOWS\System32\sechost.dll
0x76140000 - 0x76200000 	C:\WINDOWS\System32\RPCRT4.dll
0x74150000 - 0x74170000 	C:\WINDOWS\System32\SspiCli.dll
0x74140000 - 0x7414a000 	C:\WINDOWS\System32\CRYPTBASE.dll
0x77470000 - 0x774c7000 	C:\WINDOWS\System32\bcryptPrimitives.dll
0x76980000 - 0x76abc000 	C:\WINDOWS\System32\USER32.dll
0x75b10000 - 0x75b26000 	C:\WINDOWS\System32\win32u.dll
0x760c0000 - 0x760e1000 	C:\WINDOWS\System32\GDI32.dll
0x76780000 - 0x768d8000 	C:\WINDOWS\System32\gdi32full.dll
0x773f0000 - 0x77469000 	C:\WINDOWS\System32\msvcp_win.dll
0x76ac0000 - 0x76bd8000 	C:\WINDOWS\System32\ucrtbase.dll
0x70b60000 - 0x70d6e000 	C:\WINDOWS\WinSxS\x86_microsoft.windows.common-controls_6595b64144ccf1df_6.0.15063.0_none_583b8639f462029f\COMCTL32.dll
0x764c0000 - 0x766f8000 	C:\WINDOWS\System32\combase.dll
0x77000000 - 0x77025000 	C:\WINDOWS\System32\IMM32.DLL
0x6e360000 - 0x6e41f000 	C:\Program Files (x86)\Java\jdk1.8.0_131\jre\bin\msvcr100.dll
0x64930000 - 0x64cfe000 	C:\Program Files (x86)\Java\jdk1.8.0_131\jre\bin\client\jvm.dll
0x76200000 - 0x76206000 	C:\WINDOWS\System32\PSAPI.DLL
0x74130000 - 0x74138000 	C:\WINDOWS\SYSTEM32\VERSION.dll
0x71090000 - 0x71098000 	C:\WINDOWS\SYSTEM32\WSOCK32.dll
0x71810000 - 0x71834000 	C:\WINDOWS\SYSTEM32\WINMM.dll
0x77030000 - 0x77097000 	C:\WINDOWS\System32\WS2_32.dll
0x71720000 - 0x71743000 	C:\WINDOWS\SYSTEM32\winmmbase.dll
0x75520000 - 0x75559000 	C:\WINDOWS\System32\cfgmgr32.dll
0x70a90000 - 0x70a9c000 	C:\Program Files (x86)\Java\jdk1.8.0_131\jre\bin\verify.dll
0x6e330000 - 0x6e351000 	C:\Program Files (x86)\Java\jdk1.8.0_131\jre\bin\java.dll
0x55ff0000 - 0x56010000 	C:\Program Files (x86)\Java\jdk1.8.0_131\jre\bin\instrument.dll
0x6e310000 - 0x6e323000 	C:\Program Files (x86)\Java\jdk1.8.0_131\jre\bin\zip.dll
0x741d0000 - 0x75518000 	C:\WINDOWS\System32\SHELL32.dll
0x76430000 - 0x764bc000 	C:\WINDOWS\System32\shcore.dll
0x75b30000 - 0x760b4000 	C:\WINDOWS\System32\windows.storage.dll
0x760f0000 - 0x76135000 	C:\WINDOWS\System32\shlwapi.dll
0x757c0000 - 0x757ce000 	C:\WINDOWS\System32\kernel.appcore.dll
0x77520000 - 0x77565000 	C:\WINDOWS\System32\powrprof.dll
0x77290000 - 0x772a0000 	C:\WINDOWS\System32\profapi.dll
0x55fd0000 - 0x55fe6000 	C:\Program Files\JetBrains\IntelliJ IDEA 2018.2.1\bin\breakgen.dll
0x55f90000 - 0x55fa6000 	C:\Program Files (x86)\Java\jdk1.8.0_131\jre\bin\net.dll
0x72a20000 - 0x72a6e000 	C:\WINDOWS\system32\mswsock.dll
0x00e90000 - 0x00ebc000 	C:\Program Files (x86)\Java\jdk1.8.0_131\bin\jacob-1.17-x86.dll
0x77570000 - 0x77663000 	C:\WINDOWS\System32\ole32.dll
0x768e0000 - 0x76976000 	C:\WINDOWS\System32\OLEAUT32.dll
0x75560000 - 0x755e3000 	C:\WINDOWS\System32\clbcatq.dll
0x6e930000 - 0x6e9a8000 	C:\WINDOWS\system32\uxtheme.dll
0x164a0000 - 0x16616000 	C:\Windows\System32\dm.dll
0x16360000 - 0x1648d000 	C:\Windows\System32\MFC42.DLL
0x54d80000 - 0x54e06000 	C:\WINDOWS\SYSTEM32\sxs.dll
0x73380000 - 0x734dd000 	C:\WINDOWS\SYSTEM32\dbghelp.dll

VM Arguments:
jvm_args: -javaagent:C:\Program Files\JetBrains\IntelliJ IDEA 2018.2.1\lib\idea_rt.jar=56817:C:\Program Files\JetBrains\IntelliJ IDEA 2018.2.1\bin -Dfile.encoding=UTF-8 
java_command: com.Test
java_class_path (initial): C:\Program Files (x86)\Java\jdk1.8.0_131\jre\lib\charsets.jar;C:\Program Files (x86)\Java\jdk1.8.0_131\jre\lib\deploy.jar;C:\Program Files (x86)\Java\jdk1.8.0_131\jre\lib\ext\access-bridge-32.jar;C:\Program Files (x86)\Java\jdk1.8.0_131\jre\lib\ext\cldrdata.jar;C:\Program Files (x86)\Java\jdk1.8.0_131\jre\lib\ext\dnsns.jar;C:\Program Files (x86)\Java\jdk1.8.0_131\jre\lib\ext\jaccess.jar;C:\Program Files (x86)\Java\jdk1.8.0_131\jre\lib\ext\jfxrt.jar;C:\Program Files (x86)\Java\jdk1.8.0_131\jre\lib\ext\localedata.jar;C:\Program Files (x86)\Java\jdk1.8.0_131\jre\lib\ext\nashorn.jar;C:\Program Files (x86)\Java\jdk1.8.0_131\jre\lib\ext\sunec.jar;C:\Program Files (x86)\Java\jdk1.8.0_131\jre\lib\ext\sunjce_provider.jar;C:\Program Files (x86)\Java\jdk1.8.0_131\jre\lib\ext\sunmscapi.jar;C:\Program Files (x86)\Java\jdk1.8.0_131\jre\lib\ext\sunpkcs11.jar;C:\Program Files (x86)\Java\jdk1.8.0_131\jre\lib\ext\zipfs.jar;C:\Program Files (x86)\Java\jdk1.8.0_131\jre\lib\javaws.jar;C:\Program Files (x86)\Java\jdk1.8.0_131\jre\lib\jce.jar;C:\Program Files (x86)\Java\jdk1.8.0_131\jre\lib\jfr.jar;C:\Program Files (x86)\Java\jdk1.8.0_131\jre\lib\jfxswt.jar;C:\Program Files (x86)\Java\jdk1.8.0_131\jre\lib\jsse.jar;C:\Program Files (x86)\Java\jdk1.8.0_131\jre\lib\management-agent.jar;C:\Program Files (x86)\Java\jdk1.8.0_131\jre\lib\plugin.jar;C:\Program Files (x86)\Java\jdk1.8.0_131\jre\lib\resources.jar;C:\Program Files (x86)\Java\jdk1.8.0_131\jre\lib\rt.jar;C:\Users\Public\IdeaProjects\_3213213\target\classes;C:\Users\win 10\Desktop\大漠开发工具\jacob.jar;C:\Users\win 10\.m2\repository\net\java\dev\jna\jna\4.1.0\jna-4.1.0.jar;C:\Users\win 10\.m2\repository\net\java\dev\jna\platform\3.5.2\platform-3.5.2.jar;C:\Users\win 10\.m2\repository\com\google\guava\guava\25.1-jre\guava-25.1-jre.jar;C:\Users\win 10\.m2\repository\com\google\code\findbugs\jsr305\3.0.2\jsr305-3.0.2.jar;C:\Users\win 10\.m2\repository\org\checkerframework\checker-qual\2.0.0\checker-qual-2.0.0
Launcher Type: SUN_STANDARD

Environment Variables:
JAVA_HOME=C:\Program Files\Java\jdk1.8.0_131
CLASSPATH=.;C:\Program Files\Java\jdk1.8.0_131\lib;C:\Program Files\Java\jdk1.8.0_131\lib\tools.jar
PATH=C:\ProgramData\Oracle\Java\javapath;C:\WINDOWS\system32;C:\WINDOWS;C:\WINDOWS\System32\Wbem;C:\WINDOWS\System32\WindowsPowerShell\v1.0\;C:\Program Files (x86)\NVIDIA Corporation\PhysX\Common;D:\BaiduNetdiskDownload;"C:\Program Files\Java\jdk1.8.0_131\bin;C:\Program Files\Java\jdk1.8.0_131\jre\bin";C:\Users\win 10\AppData\Local\Microsoft\WindowsApps;
USERNAME=win 10
OS=Windows_NT
PROCESSOR_IDENTIFIER=Intel64 Family 6 Model 158 Stepping 10, GenuineIntel



---------------  S Y S T E M  ---------------

OS: Windows 10.0 , 64 bit Build 15063 (10.0.15063.296)

CPU:total 12 (initial active 12) (6 cores per cpu, 2 threads per core) family 6 model 158 stepping 10, cmov, cx8, fxsr, mmx, sse, sse2, sse3, ssse3, sse4.1, sse4.2, popcnt, avx, avx2, aes, clmul, erms, rtm, 3dnowpref, lzcnt, ht, tsc, tscinvbit, bmi1, bmi2, adx

Memory: 4k page, physical 16717468k(6831784k free), swap 17766044k(2479168k free)

vm_info: Java HotSpot(TM) Client VM (25.131-b11) for windows-x86 JRE (1.8.0_131-b11), built on Mar 15 2017 01:26:29 by "java_re" with MS VC++ 10.0 (VS2010)

time: Sat Aug 18 12:56:04 2018
elapsed time: 2 seconds (0d 0h 0m 2s)

