#
# A fatal error has been detected by the Java Runtime Environment:
#
#  EXCEPTION_ACCESS_VIOLATION (0xc0000005) at pc=0x64a06e8b, pid=11240, tid=0x00003554
#
# JRE version: Java(TM) SE Runtime Environment (8.0_131-b11) (build 1.8.0_131-b11)
# Java VM: Java HotSpot(TM) Client VM (25.131-b11 mixed mode windows-x86 )
# Problematic frame:
# V  [jvm.dll+0xd6e8b]
#
# Failed to write core dump. Minidumps are not enabled by default on client versions of Windows
#
# If you would like to submit a bug report, please visit:
#   http://bugreport.java.com/bugreport/crash.jsp
#

---------------  T H R E A D  ---------------

Current thread (0x160ecc00):  JavaThread "Thread-4" [_thread_in_vm, id=13652, stack(0x238b0000,0x23900000)]

siginfo: ExceptionCode=0xc0000005, reading address 0x00000000

Registers:
EAX=0x00000000, EBX=0x160ecc00, ECX=0x00000000, EDX=0x15fae904
ESP=0x238ff094, EBP=0x238ff0b0, ESI=0x160ecd40, EDI=0x00000000
EIP=0x64a06e8b, EFLAGS=0x00010246

Top of Stack: (sp=0x238ff094)
0x238ff094:   00000000 160ecd40 1d135580 160ecc00
0x238ff0a4:   00000000 160ecc00 00000000 00000000
0x238ff0b4:   1f5fd543 160ecd40 00000000 00000003
0x238ff0c4:   160ecd40 1f5f1c81 160ecd40 00000000
0x238ff0d4:   160ecc00 2266b120 238ff584 2266b120
0x238ff0e4:   1d18b8fc 1d135540 238ff594 0000006d
0x238ff0f4:   238ff598 00000008 649708c0 15fe56c4
0x238ff104:   238ff118 6497104f 238ff5a8 15f06488 

Instructions: (pc=0x64a06e8b)
0x64a06e6b:   f3 ff 83 c4 08 83 7b 04 00 89 5d f0 c7 45 f4 00
0x64a06e7b:   00 00 00 74 08 8d 4d f0 e8 88 13 0d 00 8b 45 0c
0x64a06e8b:   8b 08 8b 51 04 8b 42 38 50 56 e8 e6 4f 08 00 83
0x64a06e9b:   c4 08 83 7d f4 00 89 45 08 74 08 8d 4d f0 e8 a2 


Register to memory mapping:

EAX=0x00000000 is an unknown value
EBX=0x160ecc00 is a thread
ECX=0x00000000 is an unknown value
EDX=0x15fae904 is an unknown value
ESP=0x238ff094 is pointing into the stack for thread: 0x160ecc00
EBP=0x238ff0b0 is pointing into the stack for thread: 0x160ecc00
ESI=0x160ecd40 is an unknown value
EDI=0x00000000 is an unknown value


Stack: [0x238b0000,0x23900000],  sp=0x238ff094,  free space=316k
Native frames: (J=compiled Java code, j=interpreted, Vv=VM code, C=native code)
V  [jvm.dll+0xd6e8b]
C  [jacob-1.17-x86.dll+0xd543]

Java frames: (J=compiled Java code, j=interpreted, Vv=VM code)
j  com.jacob.com.Dispatch.invokev(Lcom/jacob/com/Dispatch;Ljava/lang/String;III[Lcom/jacob/com/Variant;[I)Lcom/jacob/com/Variant;+0
j  com.jacob.com.Dispatch.invokev(Lcom/jacob/com/Dispatch;Ljava/lang/String;I[Lcom/jacob/com/Variant;[I)Lcom/jacob/com/Variant;+14
j  com.jacob.com.Dispatch.callN(Lcom/jacob/com/Dispatch;Ljava/lang/String;[Ljava/lang/Object;)Lcom/jacob/com/Variant;+15
j  com.jacob.activeX.ActiveXComponent.invoke(Ljava/lang/String;[Lcom/jacob/com/Variant;)Lcom/jacob/com/Variant;+3
j  com.gun.GunFpsCalculation.FpsCalculation(IJLjava/util/List;Ljava/util/List;Ljava/util/List;Ljava/util/List;)V+688
j  com.gun.AKgun.<init>(I)V+269
j  com.GunCheckRunnable.run()V+197
j  java.lang.Thread.run()V+11
v  ~StubRoutines::call_stub

---------------  P R O C E S S  ---------------

Java Threads: ( => current thread )
=>0x160ecc00 JavaThread "Thread-4" [_thread_in_vm, id=13652, stack(0x238b0000,0x23900000)]
  0x02d1d400 JavaThread "DestroyJavaVM" [_thread_blocked, id=14720, stack(0x01210000,0x01260000)]
  0x160b2000 JavaThread "Thread-3" [_thread_in_native, id=9516, stack(0x22760000,0x227b0000)]
  0x160ac000 JavaThread "Thread-2" [_thread_in_native, id=8096, stack(0x226d0000,0x22720000)]
  0x15fc2400 JavaThread "D3D Screen Updater" daemon [_thread_blocked, id=15988, stack(0x1d5b0000,0x1d600000)]
  0x15effc00 JavaThread "AWT-EventQueue-0" [_thread_blocked, id=10236, stack(0x1d2e0000,0x1d330000)]
  0x15ebe800 JavaThread "AWT-Windows" daemon [_thread_in_native, id=14192, stack(0x163e0000,0x16430000)]
  0x15ebdc00 JavaThread "AWT-Shutdown" [_thread_blocked, id=14440, stack(0x16350000,0x163a0000)]
  0x15ebd000 JavaThread "Java2D Disposer" daemon [_thread_blocked, id=14548, stack(0x162c0000,0x16310000)]
  0x1587e800 JavaThread "Service Thread" daemon [_thread_blocked, id=9152, stack(0x15d40000,0x15d90000)]
  0x1586c000 JavaThread "C1 CompilerThread0" daemon [_thread_blocked, id=14388, stack(0x15cb0000,0x15d00000)]
  0x1586bc00 JavaThread "Monitor Ctrl-Break" daemon [_thread_in_native, id=14844, stack(0x15c20000,0x15c70000)]
  0x15775c00 JavaThread "Attach Listener" daemon [_thread_blocked, id=13636, stack(0x15b90000,0x15be0000)]
  0x1576b000 JavaThread "Signal Dispatcher" daemon [_thread_blocked, id=12436, stack(0x15b00000,0x15b50000)]
  0x1575ac00 JavaThread "Finalizer" daemon [_thread_blocked, id=15132, stack(0x15a10000,0x15a60000)]
  0x15745000 JavaThread "Reference Handler" daemon [_thread_blocked, id=16324, stack(0x15980000,0x159d0000)]

Other Threads:
  0x0317dc00 VMThread [stack: 0x156f0000,0x15740000] [id=1084]
  0x15884000 WatcherThread [stack: 0x15dd0000,0x15e20000] [id=8292]

VM state:not at safepoint (normal execution)

VM Mutex/Monitor currently owned by a thread: None

Heap:
 def new generation   total 4928K, used 4505K [0x05200000, 0x05750000, 0x0a750000)
  eden space 4416K,  96% used [0x05200000, 0x05625f78, 0x05650000)
  from space 512K,  50% used [0x05650000, 0x05690530, 0x056d0000)
  to   space 512K,   0% used [0x056d0000, 0x056d0000, 0x05750000)
 tenured generation   total 10944K, used 1781K [0x0a750000, 0x0b200000, 0x15200000)
   the space 10944K,  16% used [0x0a750000, 0x0a90d7d8, 0x0a90d800, 0x0b200000)
 Metaspace       used 7603K, capacity 7812K, committed 7936K, reserved 8576K

Card table byte_map: [0x15200000,0x15290000] byte_map_base: 0x151d7000

Polling page: 0x00eb0000

CodeCache: size=32768Kb used=1263Kb max_used=1263Kb free=31504Kb
 bounds [0x03180000, 0x032c0000, 0x05180000]
 total_blobs=651 nmethods=405 adapters=177
 compilation: enabled

Compilation events (10 events):
Event: 3.525 Thread 0x1586c000  403             java.io.DataInputStream::readFully (63 bytes)
Event: 3.525 Thread 0x1586c000 nmethod 403 0x032bb008 code [0x032bb130, 0x032bb2f4]
Event: 3.525 Thread 0x1586c000  404             java.io.DataInputStream::readShort (40 bytes)
Event: 3.525 Thread 0x1586c000 nmethod 404 0x032bb488 code [0x032bb5b0, 0x032bb6e4]
Event: 3.527 Thread 0x1586c000  405             java.util.HashSet::add (20 bytes)
Event: 3.527 Thread 0x1586c000 nmethod 405 0x032bb7c8 code [0x032bb8d0, 0x032bb98c]
Event: 3.811 Thread 0x1586c000  406             java.util.AbstractMap::<init> (5 bytes)
Event: 3.811 Thread 0x1586c000 nmethod 406 0x032bba08 code [0x032bbb00, 0x032bbb80]
Event: 3.813 Thread 0x1586c000  407             java.util.Arrays::copyOf (19 bytes)
Event: 3.813 Thread 0x1586c000 nmethod 407 0x032bbbc8 code [0x032bbcd0, 0x032bbe3c]

GC Heap History (8 events):
Event: 0.180 GC heap before
{Heap before GC invocations=0 (full 0):
 def new generation   total 4928K, used 4416K [0x05200000, 0x05750000, 0x0a750000)
  eden space 4416K, 100% used [0x05200000, 0x05650000, 0x05650000)
  from space 512K,   0% used [0x05650000, 0x05650000, 0x056d0000)
  to   space 512K,   0% used [0x056d0000, 0x056d0000, 0x05750000)
 tenured generation   total 10944K, used 0K [0x0a750000, 0x0b200000, 0x15200000)
   the space 10944K,   0% used [0x0a750000, 0x0a750000, 0x0a750200, 0x0b200000)
 Metaspace       used 3121K, capacity 3287K, committed 3392K, reserved 4480K
Event: 0.183 GC heap after
Heap after GC invocations=1 (full 0):
 def new generation   total 4928K, used 512K [0x05200000, 0x05750000, 0x0a750000)
  eden space 4416K,   0% used [0x05200000, 0x05200000, 0x05650000)
  from space 512K, 100% used [0x056d0000, 0x05750000, 0x05750000)
  to   space 512K,   0% used [0x05650000, 0x05650000, 0x056d0000)
 tenured generation   total 10944K, used 416K [0x0a750000, 0x0b200000, 0x15200000)
   the space 10944K,   3% used [0x0a750000, 0x0a7b8208, 0x0a7b8400, 0x0b200000)
 Metaspace       used 3121K, capacity 3287K, committed 3392K, reserved 4480K
}
Event: 0.377 GC heap before
{Heap before GC invocations=1 (full 0):
 def new generation   total 4928K, used 4704K [0x05200000, 0x05750000, 0x0a750000)
  eden space 4416K,  94% used [0x05200000, 0x05618180, 0x05650000)
  from space 512K, 100% used [0x056d0000, 0x05750000, 0x05750000)
  to   space 512K,   0% used [0x05650000, 0x05650000, 0x056d0000)
 tenured generation   total 10944K, used 416K [0x0a750000, 0x0b200000, 0x15200000)
   the space 10944K,   3% used [0x0a750000, 0x0a7b8208, 0x0a7b8400, 0x0b200000)
 Metaspace       used 5677K, capacity 5838K, committed 5888K, reserved 6528K
Event: 0.381 GC heap after
Heap after GC invocations=2 (full 0):
 def new generation   total 4928K, used 512K [0x05200000, 0x05750000, 0x0a750000)
  eden space 4416K,   0% used [0x05200000, 0x05200000, 0x05650000)
  from space 512K, 100% used [0x05650000, 0x056d0000, 0x056d0000)
  to   space 512K,   0% used [0x056d0000, 0x056d0000, 0x05750000)
 tenured generation   total 10944K, used 1072K [0x0a750000, 0x0b200000, 0x15200000)
   the space 10944K,   9% used [0x0a750000, 0x0a85c080, 0x0a85c200, 0x0b200000)
 Metaspace       used 5677K, capacity 5838K, committed 5888K, reserved 6528K
}
Event: 0.761 GC heap before
{Heap before GC invocations=2 (full 0):
 def new generation   total 4928K, used 4928K [0x05200000, 0x05750000, 0x0a750000)
  eden space 4416K, 100% used [0x05200000, 0x05650000, 0x05650000)
  from space 512K, 100% used [0x05650000, 0x056d0000, 0x056d0000)
  to   space 512K,   0% used [0x056d0000, 0x056d0000, 0x05750000)
 tenured generation   total 10944K, used 1072K [0x0a750000, 0x0b200000, 0x15200000)
   the space 10944K,   9% used [0x0a750000, 0x0a85c080, 0x0a85c200, 0x0b200000)
 Metaspace       used 6609K, capacity 6768K, committed 6912K, reserved 7552K
Event: 0.764 GC heap after
Heap after GC invocations=3 (full 0):
 def new generation   total 4928K, used 447K [0x05200000, 0x05750000, 0x0a750000)
  eden space 4416K,   0% used [0x05200000, 0x05200000, 0x05650000)
  from space 512K,  87% used [0x056d0000, 0x0573fe70, 0x05750000)
  to   space 512K,   0% used [0x05650000, 0x05650000, 0x056d0000)
 tenured generation   total 10944K, used 1579K [0x0a750000, 0x0b200000, 0x15200000)
   the space 10944K,  14% used [0x0a750000, 0x0a8dac90, 0x0a8dae00, 0x0b200000)
 Metaspace       used 6609K, capacity 6768K, committed 6912K, reserved 7552K
}
Event: 1.029 GC heap before
{Heap before GC invocations=3 (full 0):
 def new generation   total 4928K, used 4863K [0x05200000, 0x05750000, 0x0a750000)
  eden space 4416K, 100% used [0x05200000, 0x05650000, 0x05650000)
  from space 512K,  87% used [0x056d0000, 0x0573fe70, 0x05750000)
  to   space 512K,   0% used [0x05650000, 0x05650000, 0x056d0000)
 tenured generation   total 10944K, used 1579K [0x0a750000, 0x0b200000, 0x15200000)
   the space 10944K,  14% used [0x0a750000, 0x0a8dac90, 0x0a8dae00, 0x0b200000)
 Metaspace       used 6999K, capacity 7196K, committed 7296K, reserved 7552K
Event: 1.031 GC heap after
Heap after GC invocations=4 (full 0):
 def new generation   total 4928K, used 257K [0x05200000, 0x05750000, 0x0a750000)
  eden space 4416K,   0% used [0x05200000, 0x05200000, 0x05650000)
  from space 512K,  50% used [0x05650000, 0x05690530, 0x056d0000)
  to   space 512K,   0% used [0x056d0000, 0x056d0000, 0x05750000)
 tenured generation   total 10944K, used 1781K [0x0a750000, 0x0b200000, 0x15200000)
   the space 10944K,  16% used [0x0a750000, 0x0a90d7d8, 0x0a90d800, 0x0b200000)
 Metaspace       used 6999K, capacity 7196K, committed 7296K, reserved 7552K
}

Deoptimization events (0 events):
No events

Internal exceptions (10 events):
Event: 0.146 Thread 0x02d1d400 Exception <a 'java/security/PrivilegedActionException'> (0x054ab400) thrown at [C:\re\workspace\8-2-build-windows-i586-cygwin\jdk8u131\8869\hotspot\src\share\vm\prims\jvm.cpp, line 1390]
Event: 0.146 Thread 0x02d1d400 Exception <a 'java/security/PrivilegedActionException'> (0x054ab600) thrown at [C:\re\workspace\8-2-build-windows-i586-cygwin\jdk8u131\8869\hotspot\src\share\vm\prims\jvm.cpp, line 1390]
Event: 0.146 Thread 0x02d1d400 Exception <a 'java/security/PrivilegedActionException'> (0x054af6d8) thrown at [C:\re\workspace\8-2-build-windows-i586-cygwin\jdk8u131\8869\hotspot\src\share\vm\prims\jvm.cpp, line 1390]
Event: 0.146 Thread 0x02d1d400 Exception <a 'java/security/PrivilegedActionException'> (0x054af8d8) thrown at [C:\re\workspace\8-2-build-windows-i586-cygwin\jdk8u131\8869\hotspot\src\share\vm\prims\jvm.cpp, line 1390]
Event: 0.151 Thread 0x02d1d400 Exception <a 'java/io/FileNotFoundException'> (0x054c7a58) thrown at [C:\re\workspace\8-2-build-windows-i586-cygwin\jdk8u131\8869\hotspot\src\share\vm\prims\jni.cpp, line 709]
Event: 0.173 Thread 0x02d1d400 Exception <a 'java/lang/NoSuchFieldError': method resolution failed> (0x055e0808) thrown at [C:\re\workspace\8-2-build-windows-i586-cygwin\jdk8u131\8869\hotspot\src\share\vm\prims\methodHandles.cpp, line 1146]
Event: 0.174 Thread 0x02d1d400 Exception <a 'java/lang/NoSuchFieldError': method resolution failed> (0x055ed440) thrown at [C:\re\workspace\8-2-build-windows-i586-cygwin\jdk8u131\8869\hotspot\src\share\vm\prims\methodHandles.cpp, line 1146]
Event: 0.226 Thread 0x02d1d400 Exception <a 'java/io/FileNotFoundException'> (0x05391190) thrown at [C:\re\workspace\8-2-build-windows-i586-cygwin\jdk8u131\8869\hotspot\src\share\vm\prims\jni.cpp, line 709]
Event: 0.900 Thread 0x160b2000 Exception <a 'java/lang/UnsatisfiedLinkError': æ‰¾ä¸åˆ°æŒ‡å®šçš„ç¨‹åºã€‚
> (0x055c5df0) thrown at [C:\re\workspace\8-2-build-windows-i586-cygwin\jdk8u131\8869\hotspot\src\share\vm\prims\jni.cpp, line 735]
Event: 2.865 Thread 0x160ac000 Exception <a 'java/lang/UnsatisfiedLinkError': æ‰¾ä¸åˆ°æŒ‡å®šçš„ç¨‹åºã€‚
> (0x05502668) thrown at [C:\re\workspace\8-2-build-windows-i586-cygwin\jdk8u131\8869\hotspot\src\share\vm\prims\jni.cpp, line 735]

Events (10 events):
Event: 3.814 loading class com/gun/GunConstantName done
Event: 3.838 loading class com/GunCheckRunnable
Event: 3.838 loading class com/GunCheckRunnable done
Event: 3.839 Thread 0x160ecc00 Thread added: 0x160ecc00
Event: 3.839 loading class com/gun/AKgun
Event: 3.839 loading class com/gun/AKgun done
Event: 3.840 loading class com/gun/GunCheckParam
Event: 3.840 loading class com/gun/GunCheckParam done
Event: 3.841 loading class com/gun/GunFpsCalculation
Event: 3.841 loading class com/gun/GunFpsCalculation done


Dynamic libraries:
0x00ec0000 - 0x00ef3000 	C:\Program Files (x86)\Java\jdk1.8.0_131\bin\java.exe
0x77680000 - 0x7780e000 	C:\WINDOWS\SYSTEM32\ntdll.dll
0x75a40000 - 0x75b10000 	C:\WINDOWS\System32\KERNEL32.DLL
0x755f0000 - 0x757b2000 	C:\WINDOWS\System32\KERNELBASE.dll
0x71660000 - 0x716f3000 	C:\WINDOWS\SYSTEM32\apphelp.dll
0x76700000 - 0x76777000 	C:\WINDOWS\System32\ADVAPI32.dll
0x75860000 - 0x7591d000 	C:\WINDOWS\System32\msvcrt.dll
0x774d0000 - 0x77511000 	C:\WINDOWS\System32\sechost.dll
0x76140000 - 0x76200000 	C:\WINDOWS\System32\RPCRT4.dll
0x74150000 - 0x74170000 	C:\WINDOWS\System32\SspiCli.dll
0x74140000 - 0x7414a000 	C:\WINDOWS\System32\CRYPTBASE.dll
0x77470000 - 0x774c7000 	C:\WINDOWS\System32\bcryptPrimitives.dll
0x76980000 - 0x76abc000 	C:\WINDOWS\System32\USER32.dll
0x75b10000 - 0x75b26000 	C:\WINDOWS\System32\win32u.dll
0x760c0000 - 0x760e1000 	C:\WINDOWS\System32\GDI32.dll
0x76780000 - 0x768d8000 	C:\WINDOWS\System32\gdi32full.dll
0x773f0000 - 0x77469000 	C:\WINDOWS\System32\msvcp_win.dll
0x76ac0000 - 0x76bd8000 	C:\WINDOWS\System32\ucrtbase.dll
0x70b60000 - 0x70d6e000 	C:\WINDOWS\WinSxS\x86_microsoft.windows.common-controls_6595b64144ccf1df_6.0.15063.0_none_583b8639f462029f\COMCTL32.dll
0x764c0000 - 0x766f8000 	C:\WINDOWS\System32\combase.dll
0x77000000 - 0x77025000 	C:\WINDOWS\System32\IMM32.DLL
0x6e360000 - 0x6e41f000 	C:\Program Files (x86)\Java\jdk1.8.0_131\jre\bin\msvcr100.dll
0x64930000 - 0x64cfe000 	C:\Program Files (x86)\Java\jdk1.8.0_131\jre\bin\client\jvm.dll
0x76200000 - 0x76206000 	C:\WINDOWS\System32\PSAPI.DLL
0x74130000 - 0x74138000 	C:\WINDOWS\SYSTEM32\VERSION.dll
0x71090000 - 0x71098000 	C:\WINDOWS\SYSTEM32\WSOCK32.dll
0x71810000 - 0x71834000 	C:\WINDOWS\SYSTEM32\WINMM.dll
0x77030000 - 0x77097000 	C:\WINDOWS\System32\WS2_32.dll
0x71720000 - 0x71743000 	C:\WINDOWS\SYSTEM32\winmmbase.dll
0x75520000 - 0x75559000 	C:\WINDOWS\System32\cfgmgr32.dll
0x70a90000 - 0x70a9c000 	C:\Program Files (x86)\Java\jdk1.8.0_131\jre\bin\verify.dll
0x6e330000 - 0x6e351000 	C:\Program Files (x86)\Java\jdk1.8.0_131\jre\bin\java.dll
0x6b060000 - 0x6b080000 	C:\Program Files (x86)\Java\jdk1.8.0_131\jre\bin\instrument.dll
0x6e310000 - 0x6e323000 	C:\Program Files (x86)\Java\jdk1.8.0_131\jre\bin\zip.dll
0x741d0000 - 0x75518000 	C:\WINDOWS\System32\SHELL32.dll
0x76430000 - 0x764bc000 	C:\WINDOWS\System32\shcore.dll
0x75b30000 - 0x760b4000 	C:\WINDOWS\System32\windows.storage.dll
0x760f0000 - 0x76135000 	C:\WINDOWS\System32\shlwapi.dll
0x757c0000 - 0x757ce000 	C:\WINDOWS\System32\kernel.appcore.dll
0x77520000 - 0x77565000 	C:\WINDOWS\System32\powrprof.dll
0x77290000 - 0x772a0000 	C:\WINDOWS\System32\profapi.dll
0x55ff0000 - 0x56006000 	C:\Program Files\JetBrains\IntelliJ IDEA 2018.2.1\bin\breakgen.dll
0x55fd0000 - 0x55fe6000 	C:\Program Files (x86)\Java\jdk1.8.0_131\jre\bin\net.dll
0x72a20000 - 0x72a6e000 	C:\WINDOWS\system32\mswsock.dll
0x54b90000 - 0x54cd5000 	C:\Program Files (x86)\Java\jdk1.8.0_131\jre\bin\awt.dll
0x768e0000 - 0x76976000 	C:\WINDOWS\System32\OLEAUT32.dll
0x6e930000 - 0x6e9a8000 	C:\WINDOWS\system32\uxtheme.dll
0x772a0000 - 0x773e6000 	C:\WINDOWS\System32\MSCTF.dll
0x6e170000 - 0x6e193000 	C:\WINDOWS\system32\dwmapi.dll
0x77570000 - 0x77663000 	C:\WINDOWS\System32\ole32.dll
0x642d0000 - 0x643af000 	C:\WINDOWS\system32\opengl32.dll
0x6e290000 - 0x6e2b5000 	C:\WINDOWS\SYSTEM32\GLU32.dll
0x5c010000 - 0x5c172000 	C:\WINDOWS\system32\d3d9.dll
0x5b030000 - 0x5b0f5000 	C:\WINDOWS\System32\DriverStore\FileRepository\nv_dispi.inf_amd64_048172e9d7cc483d\nvldumd.dll
0x77100000 - 0x7727d000 	C:\WINDOWS\System32\crypt32.dll
0x77670000 - 0x7767e000 	C:\WINDOWS\System32\MSASN1.dll
0x763e0000 - 0x76424000 	C:\WINDOWS\System32\WINTRUST.DLL
0x75a20000 - 0x75a39000 	C:\WINDOWS\System32\imagehlp.dll
0x73780000 - 0x73793000 	C:\WINDOWS\SYSTEM32\CRYPTSP.dll
0x73750000 - 0x7377f000 	C:\WINDOWS\system32\rsaenh.dll
0x73a30000 - 0x73a48000 	C:\WINDOWS\SYSTEM32\bcrypt.dll
0x526b0000 - 0x53588000 	C:\WINDOWS\System32\DriverStore\FileRepository\nv_dispi.inf_amd64_048172e9d7cc483d\nvd3dum.dll
0x59660000 - 0x59863000 	C:\WINDOWS\system32\nvspcap.dll
0x73960000 - 0x73988000 	C:\WINDOWS\SYSTEM32\ntmarta.dll
0x537f0000 - 0x53829000 	C:\Program Files (x86)\Java\jdk1.8.0_131\jre\bin\fontmanager.dll
0x6e2c0000 - 0x6e2cf000 	C:\Program Files (x86)\Java\jdk1.8.0_131\jre\bin\nio.dll
0x537b0000 - 0x537e2000 	C:\Program Files (x86)\Java\jdk1.8.0_131\jre\bin\t2k.dll
0x6a780000 - 0x6a7e7000 	C:\WINDOWS\System32\TextInputFramework.dll
0x6a550000 - 0x6a777000 	C:\WINDOWS\System32\CoreUIComponents.dll
0x6a4c0000 - 0x6a54f000 	C:\WINDOWS\System32\CoreMessaging.dll
0x6a3d0000 - 0x6a4a1000 	C:\WINDOWS\SYSTEM32\wintypes.dll
0x6a4b0000 - 0x6a4c0000 	C:\WINDOWS\SYSTEM32\usermgrcli.dll
0x73fc0000 - 0x73fe2000 	C:\WINDOWS\SYSTEM32\USERENV.dll
0x73b50000 - 0x73b7f000 	C:\WINDOWS\SYSTEM32\IPHLPAPI.DLL
0x77280000 - 0x77287000 	C:\WINDOWS\System32\NSI.dll
0x6e9b0000 - 0x6e9c3000 	C:\WINDOWS\SYSTEM32\dhcpcsvc6.DLL
0x72f70000 - 0x72f84000 	C:\WINDOWS\SYSTEM32\dhcpcsvc.DLL
0x75560000 - 0x755e3000 	C:\WINDOWS\System32\clbcatq.dll
0x6a260000 - 0x6a3ce000 	C:\WINDOWS\System32\sogoutsf.ime
0x71b80000 - 0x71b86000 	C:\WINDOWS\System32\MSIMG32.dll
0x1e410000 - 0x1ea09000 	C:\WINDOWS\system32\SogouPy.ime
0x71bb0000 - 0x71c5d000 	C:\WINDOWS\SYSTEM32\WINHTTP.dll
0x720f0000 - 0x72146000 	C:\WINDOWS\SYSTEM32\OLEACC.dll
0x1f840000 - 0x1f95e000 	C:\Program Files (x86)\SogouInput\9.0.0.2472\Resource.dll
0x6e420000 - 0x6e5d9000 	C:\Program Files (x86)\SogouInput\Components\PicFace\1.1.0.1834\PicFace.dll
0x75930000 - 0x75a1f000 	C:\WINDOWS\System32\COMDLG32.dll
0x1f6a0000 - 0x1f6dd000 	C:\Users\win 10\AppData\Local\Temp\jna--787819293\jna7188709495477219972.dll
0x1f5f0000 - 0x1f61c000 	C:\Program Files (x86)\Java\jdk1.8.0_131\bin\jacob-1.17-x86.dll
0x232b0000 - 0x23426000 	C:\Windows\System32\dm.dll
0x52580000 - 0x526ad000 	C:\Windows\System32\MFC42.DLL
0x54d80000 - 0x54e06000 	C:\WINDOWS\SYSTEM32\sxs.dll
0x73380000 - 0x734dd000 	C:\WINDOWS\SYSTEM32\dbghelp.dll

VM Arguments:
jvm_args: -javaagent:C:\Program Files\JetBrains\IntelliJ IDEA 2018.2.1\lib\idea_rt.jar=57233:C:\Program Files\JetBrains\IntelliJ IDEA 2018.2.1\bin -Dfile.encoding=UTF-8 
java_command: com.MainForm
java_class_path (initial): C:\Program Files (x86)\Java\jdk1.8.0_131\jre\lib\charsets.jar;C:\Program Files (x86)\Java\jdk1.8.0_131\jre\lib\deploy.jar;C:\Program Files (x86)\Java\jdk1.8.0_131\jre\lib\ext\access-bridge-32.jar;C:\Program Files (x86)\Java\jdk1.8.0_131\jre\lib\ext\cldrdata.jar;C:\Program Files (x86)\Java\jdk1.8.0_131\jre\lib\ext\dnsns.jar;C:\Program Files (x86)\Java\jdk1.8.0_131\jre\lib\ext\jaccess.jar;C:\Program Files (x86)\Java\jdk1.8.0_131\jre\lib\ext\jfxrt.jar;C:\Program Files (x86)\Java\jdk1.8.0_131\jre\lib\ext\localedata.jar;C:\Program Files (x86)\Java\jdk1.8.0_131\jre\lib\ext\nashorn.jar;C:\Program Files (x86)\Java\jdk1.8.0_131\jre\lib\ext\sunec.jar;C:\Program Files (x86)\Java\jdk1.8.0_131\jre\lib\ext\sunjce_provider.jar;C:\Program Files (x86)\Java\jdk1.8.0_131\jre\lib\ext\sunmscapi.jar;C:\Program Files (x86)\Java\jdk1.8.0_131\jre\lib\ext\sunpkcs11.jar;C:\Program Files (x86)\Java\jdk1.8.0_131\jre\lib\ext\zipfs.jar;C:\Program Files (x86)\Java\jdk1.8.0_131\jre\lib\javaws.jar;C:\Program Files (x86)\Java\jdk1.8.0_131\jre\lib\jce.jar;C:\Program Files (x86)\Java\jdk1.8.0_131\jre\lib\jfr.jar;C:\Program Files (x86)\Java\jdk1.8.0_131\jre\lib\jfxswt.jar;C:\Program Files (x86)\Java\jdk1.8.0_131\jre\lib\jsse.jar;C:\Program Files (x86)\Java\jdk1.8.0_131\jre\lib\management-agent.jar;C:\Program Files (x86)\Java\jdk1.8.0_131\jre\lib\plugin.jar;C:\Program Files (x86)\Java\jdk1.8.0_131\jre\lib\resources.jar;C:\Program Files (x86)\Java\jdk1.8.0_131\jre\lib\rt.jar;C:\Users\Public\IdeaProjects\_3213213\target\classes;C:\Users\win 10\Desktop\´óÄ®¿ª·¢¹¤¾ß\jacob.jar;C:\Users\win 10\.m2\repository\net\java\dev\jna\jna\4.1.0\jna-4.1.0.jar;C:\Users\win 10\.m2\repository\net\java\dev\jna\platform\3.5.2\platform-3.5.2.jar;C:\Users\win 10\.m2\repository\com\google\guava\guava\25.1-jre\guava-25.1-jre.jar;C:\Users\win 10\.m2\repository\com\google\code\findbugs\jsr305\3.0.2\jsr305-3.0.2.jar;C:\Users\win 10\.m2\repository\org\checkerframework\checker-qual\2.0.0\checker-qual-2.0.0
Launcher Type: SUN_STANDARD

Environment Variables:
JAVA_HOME=C:\Program Files\Java\jdk1.8.0_131
CLASSPATH=.;C:\Program Files\Java\jdk1.8.0_131\lib;C:\Program Files\Java\jdk1.8.0_131\lib\tools.jar
PATH=C:\ProgramData\Oracle\Java\javapath;C:\WINDOWS\system32;C:\WINDOWS;C:\WINDOWS\System32\Wbem;C:\WINDOWS\System32\WindowsPowerShell\v1.0\;C:\Program Files (x86)\NVIDIA Corporation\PhysX\Common;D:\BaiduNetdiskDownload;"C:\Program Files\Java\jdk1.8.0_131\bin;C:\Program Files\Java\jdk1.8.0_131\jre\bin";C:\Users\win 10\AppData\Local\Microsoft\WindowsApps;
USERNAME=win 10
OS=Windows_NT
PROCESSOR_IDENTIFIER=Intel64 Family 6 Model 158 Stepping 10, GenuineIntel



---------------  S Y S T E M  ---------------

OS: Windows 10.0 , 64 bit Build 15063 (10.0.15063.296)

CPU:total 12 (initial active 12) (6 cores per cpu, 2 threads per core) family 6 model 158 stepping 10, cmov, cx8, fxsr, mmx, sse, sse2, sse3, ssse3, sse4.1, sse4.2, popcnt, avx, avx2, aes, clmul, erms, rtm, 3dnowpref, lzcnt, ht, tsc, tscinvbit, bmi1, bmi2, adx

Memory: 4k page, physical 16717468k(6802664k free), swap 17766044k(2257260k free)

vm_info: Java HotSpot(TM) Client VM (25.131-b11) for windows-x86 JRE (1.8.0_131-b11), built on Mar 15 2017 01:26:29 by "java_re" with MS VC++ 10.0 (VS2010)

time: Sat Aug 18 13:52:37 2018
elapsed time: 3 seconds (0d 0h 0m 3s)

