#
# A fatal error has been detected by the Java Runtime Environment:
#
#  EXCEPTION_ACCESS_VIOLATION (0xc0000005) at pc=0x64a06e8b, pid=380, tid=0x00002d5c
#
# JRE version: Java(TM) SE Runtime Environment (8.0_131-b11) (build 1.8.0_131-b11)
# Java VM: Java HotSpot(TM) Client VM (25.131-b11 mixed mode windows-x86 )
# Problematic frame:
# V  [jvm.dll+0xd6e8b]
#
# Failed to write core dump. Minidumps are not enabled by default on client versions of Windows
#
# If you would like to submit a bug report, please visit:
#   http://bugreport.java.com/bugreport/crash.jsp
#

---------------  T H R E A D  ---------------

Current thread (0x0338d400):  JavaThread "main" [_thread_in_vm, id=11612, stack(0x03240000,0x03290000)]

siginfo: ExceptionCode=0xc0000005, reading address 0x00000000

Registers:
EAX=0x00000000, EBX=0x0338d400, ECX=0x00000000, EDX=0x0338cfa8
ESP=0x0328ef44, EBP=0x0328ef60, ESI=0x0338d540, EDI=0x00000000
EIP=0x64a06e8b, EFLAGS=0x00010246

Top of Stack: (sp=0x0328ef44)
0x0328ef44:   00000000 0338d540 16ffcfa0 0338d400
0x0328ef54:   00000000 0338d400 00000000 00000000
0x0328ef64:   1667d543 0338d540 00000000 00000006
0x0328ef74:   0338d540 16671c81 0338d540 00000000
0x0328ef84:   0338d400 15a35fa0 0328f440 15a35fa0
0x0328ef94:   015bed44 16ffcfa0 0328f450 000000c0
0x0328efa4:   0328f454 00000007 16800000 00000000
0x0328efb4:   00000002 ffffffe6 0328f464 fffffffd 

Instructions: (pc=0x64a06e8b)
0x64a06e6b:   f3 ff 83 c4 08 83 7b 04 00 89 5d f0 c7 45 f4 00
0x64a06e7b:   00 00 00 74 08 8d 4d f0 e8 88 13 0d 00 8b 45 0c
0x64a06e8b:   8b 08 8b 51 04 8b 42 38 50 56 e8 e6 4f 08 00 83
0x64a06e9b:   c4 08 83 7d f4 00 89 45 08 74 08 8d 4d f0 e8 a2 


Register to memory mapping:

EAX=0x00000000 is an unknown value
EBX=0x0338d400 is a thread
ECX=0x00000000 is an unknown value
EDX=0x0338cfa8 is an unknown value
ESP=0x0328ef44 is pointing into the stack for thread: 0x0338d400
EBP=0x0328ef60 is pointing into the stack for thread: 0x0338d400
ESI=0x0338d540 is an unknown value
EDI=0x00000000 is an unknown value


Stack: [0x03240000,0x03290000],  sp=0x0328ef44,  free space=315k
Native frames: (J=compiled Java code, j=interpreted, Vv=VM code, C=native code)
V  [jvm.dll+0xd6e8b]
C  [jacob-1.17-x86.dll+0xd543]

Java frames: (J=compiled Java code, j=interpreted, Vv=VM code)
j  com.jacob.com.Dispatch.invokev(Lcom/jacob/com/Dispatch;Ljava/lang/String;III[Lcom/jacob/com/Variant;[I)Lcom/jacob/com/Variant;+0
j  com.jacob.com.Dispatch.invokev(Lcom/jacob/com/Dispatch;Ljava/lang/String;I[Lcom/jacob/com/Variant;[I)Lcom/jacob/com/Variant;+14
j  com.jacob.com.Dispatch.callN(Lcom/jacob/com/Dispatch;Ljava/lang/String;[Ljava/lang/Object;)Lcom/jacob/com/Variant;+15
j  com.jacob.activeX.ActiveXComponent.invoke(Ljava/lang/String;[Lcom/jacob/com/Variant;)Lcom/jacob/com/Variant;+3
j  com.TestConstructor.<init>()V+281
j  com.Test.main([Ljava/lang/String;)V+4
v  ~StubRoutines::call_stub

---------------  P R O C E S S  ---------------

Java Threads: ( => current thread )
  0x15dd7400 JavaThread "Service Thread" daemon [_thread_blocked, id=13264, stack(0x16190000,0x161e0000)]
  0x15d8c000 JavaThread "C1 CompilerThread0" daemon [_thread_blocked, id=12708, stack(0x16100000,0x16150000)]
  0x15d8bc00 JavaThread "Monitor Ctrl-Break" daemon [_thread_in_native, id=1248, stack(0x16070000,0x160c0000)]
  0x15c95c00 JavaThread "Attach Listener" daemon [_thread_blocked, id=5516, stack(0x15fe0000,0x16030000)]
  0x15c8b000 JavaThread "Signal Dispatcher" daemon [_thread_blocked, id=10668, stack(0x15f50000,0x15fa0000)]
  0x15c7ac00 JavaThread "Finalizer" daemon [_thread_blocked, id=13124, stack(0x15e60000,0x15eb0000)]
  0x15c65000 JavaThread "Reference Handler" daemon [_thread_blocked, id=8916, stack(0x05750000,0x057a0000)]
=>0x0338d400 JavaThread "main" [_thread_in_vm, id=11612, stack(0x03240000,0x03290000)]

Other Threads:
  0x0365dc00 VMThread [stack: 0x056c0000,0x05710000] [id=12944]
  0x15e35000 WatcherThread [stack: 0x16220000,0x16270000] [id=4088]

VM state:not at safepoint (normal execution)

VM Mutex/Monitor currently owned by a thread: None

Heap:
 def new generation   total 4928K, used 3194K [0x05800000, 0x05d50000, 0x0ad50000)
  eden space 4416K,  72% used [0x05800000, 0x05b1e910, 0x05c50000)
  from space 512K,   0% used [0x05c50000, 0x05c50000, 0x05cd0000)
  to   space 512K,   0% used [0x05cd0000, 0x05cd0000, 0x05d50000)
 tenured generation   total 10944K, used 0K [0x0ad50000, 0x0b800000, 0x15800000)
   the space 10944K,   0% used [0x0ad50000, 0x0ad50000, 0x0ad50200, 0x0b800000)
 Metaspace       used 2538K, capacity 2576K, committed 2624K, reserved 4480K

Card table byte_map: [0x03490000,0x03520000] byte_map_base: 0x03464000

Polling page: 0x02ee0000

CodeCache: size=32768Kb used=769Kb max_used=769Kb free=31998Kb
 bounds [0x03660000, 0x03728000, 0x05660000]
 total_blobs=207 nmethods=44 adapters=94
 compilation: enabled

Compilation events (10 events):
Event: 0.151 Thread 0x15d8c000   40             java.lang.String::startsWith (7 bytes)
Event: 0.151 Thread 0x15d8c000 nmethod 40 0x0371cf48 code [0x0371d040, 0x0371d0dc]
Event: 0.153 Thread 0x15d8c000   41             sun.nio.cs.ext.DoubleByte$Encoder::encodeChar (21 bytes)
Event: 0.153 Thread 0x15d8c000 nmethod 41 0x0371dbc8 code [0x0371dcc0, 0x0371dd90]
Event: 0.157 Thread 0x15d8c000   42             java.lang.String::getChars (62 bytes)
Event: 0.157 Thread 0x15d8c000 nmethod 42 0x0371de88 code [0x0371dfc0, 0x0371e1e0]
Event: 0.159 Thread 0x15d8c000   43             sun.nio.cs.ext.DoubleByte$Encoder::encode (161 bytes)
Event: 0.159 Thread 0x15d8c000 nmethod 43 0x0371e3c8 code [0x0371e4f0, 0x0371e830]
Event: 7.791 Thread 0x15d8c000   44             java.util.ArrayList::size (5 bytes)
Event: 7.791 Thread 0x15d8c000 nmethod 44 0x03720448 code [0x03720540, 0x037205c0]

GC Heap History (0 events):
No events

Deoptimization events (0 events):
No events

Internal exceptions (6 events):
Event: 0.028 Thread 0x0338d400 Exception <a 'java/lang/NoSuchMethodError': Method sun.misc.Unsafe.defineClass(Ljava/lang/String;[BII)Ljava/lang/Class; name or signature does not match> (0x05806e98) thrown at [C:\re\workspace\8-2-build-windows-i586-cygwin\jdk8u131\8869\hotspot\src\share
Event: 0.028 Thread 0x0338d400 Exception <a 'java/lang/NoSuchMethodError': Method sun.misc.Unsafe.prefetchRead(Ljava/lang/Object;J)V name or signature does not match> (0x05807168) thrown at [C:\re\workspace\8-2-build-windows-i586-cygwin\jdk8u131\8869\hotspot\src\share\vm\prims\jni.cpp,
Event: 0.147 Thread 0x0338d400 Exception <a 'java/security/PrivilegedActionException'> (0x05a822a0) thrown at [C:\re\workspace\8-2-build-windows-i586-cygwin\jdk8u131\8869\hotspot\src\share\vm\prims\jvm.cpp, line 1390]
Event: 0.147 Thread 0x0338d400 Exception <a 'java/security/PrivilegedActionException'> (0x05a824a0) thrown at [C:\re\workspace\8-2-build-windows-i586-cygwin\jdk8u131\8869\hotspot\src\share\vm\prims\jvm.cpp, line 1390]
Event: 0.148 Thread 0x0338d400 Exception <a 'java/security/PrivilegedActionException'> (0x05a86578) thrown at [C:\re\workspace\8-2-build-windows-i586-cygwin\jdk8u131\8869\hotspot\src\share\vm\prims\jvm.cpp, line 1390]
Event: 0.148 Thread 0x0338d400 Exception <a 'java/security/PrivilegedActionException'> (0x05a86778) thrown at [C:\re\workspace\8-2-build-windows-i586-cygwin\jdk8u131\8869\hotspot\src\share\vm\prims\jvm.cpp, line 1390]

Events (10 events):
Event: 2.189 loading class com/jacob/com/SafeArray
Event: 2.189 loading class com/jacob/com/SafeArray done
Event: 2.190 loading class java/math/BigDecimal
Event: 2.190 loading class java/math/BigDecimal done
Event: 2.190 loading class java/math/BigInteger
Event: 2.190 loading class java/math/BigInteger done
Event: 2.191 loading class java/math/BigDecimal$1
Event: 2.191 loading class java/math/BigDecimal$1 done
Event: 4.149 Executing VM operation: EnableBiasedLocking
Event: 4.149 Executing VM operation: EnableBiasedLocking done


Dynamic libraries:
0x00ec0000 - 0x00ef3000 	C:\Program Files (x86)\Java\jdk1.8.0_131\bin\java.exe
0x77680000 - 0x7780e000 	C:\WINDOWS\SYSTEM32\ntdll.dll
0x75a40000 - 0x75b10000 	C:\WINDOWS\System32\KERNEL32.DLL
0x755f0000 - 0x757b2000 	C:\WINDOWS\System32\KERNELBASE.dll
0x71660000 - 0x716f3000 	C:\WINDOWS\SYSTEM32\apphelp.dll
0x76700000 - 0x76777000 	C:\WINDOWS\System32\ADVAPI32.dll
0x75860000 - 0x7591d000 	C:\WINDOWS\System32\msvcrt.dll
0x774d0000 - 0x77511000 	C:\WINDOWS\System32\sechost.dll
0x76140000 - 0x76200000 	C:\WINDOWS\System32\RPCRT4.dll
0x74150000 - 0x74170000 	C:\WINDOWS\System32\SspiCli.dll
0x74140000 - 0x7414a000 	C:\WINDOWS\System32\CRYPTBASE.dll
0x77470000 - 0x774c7000 	C:\WINDOWS\System32\bcryptPrimitives.dll
0x76980000 - 0x76abc000 	C:\WINDOWS\System32\USER32.dll
0x75b10000 - 0x75b26000 	C:\WINDOWS\System32\win32u.dll
0x760c0000 - 0x760e1000 	C:\WINDOWS\System32\GDI32.dll
0x76780000 - 0x768d8000 	C:\WINDOWS\System32\gdi32full.dll
0x773f0000 - 0x77469000 	C:\WINDOWS\System32\msvcp_win.dll
0x76ac0000 - 0x76bd8000 	C:\WINDOWS\System32\ucrtbase.dll
0x70b60000 - 0x70d6e000 	C:\WINDOWS\WinSxS\x86_microsoft.windows.common-controls_6595b64144ccf1df_6.0.15063.0_none_583b8639f462029f\COMCTL32.dll
0x764c0000 - 0x766f8000 	C:\WINDOWS\System32\combase.dll
0x77000000 - 0x77025000 	C:\WINDOWS\System32\IMM32.DLL
0x6e360000 - 0x6e41f000 	C:\Program Files (x86)\Java\jdk1.8.0_131\jre\bin\msvcr100.dll
0x64930000 - 0x64cfe000 	C:\Program Files (x86)\Java\jdk1.8.0_131\jre\bin\client\jvm.dll
0x76200000 - 0x76206000 	C:\WINDOWS\System32\PSAPI.DLL
0x74130000 - 0x74138000 	C:\WINDOWS\SYSTEM32\VERSION.dll
0x71090000 - 0x71098000 	C:\WINDOWS\SYSTEM32\WSOCK32.dll
0x71810000 - 0x71834000 	C:\WINDOWS\SYSTEM32\WINMM.dll
0x77030000 - 0x77097000 	C:\WINDOWS\System32\WS2_32.dll
0x71720000 - 0x71743000 	C:\WINDOWS\SYSTEM32\winmmbase.dll
0x75520000 - 0x75559000 	C:\WINDOWS\System32\cfgmgr32.dll
0x70a90000 - 0x70a9c000 	C:\Program Files (x86)\Java\jdk1.8.0_131\jre\bin\verify.dll
0x6e330000 - 0x6e351000 	C:\Program Files (x86)\Java\jdk1.8.0_131\jre\bin\java.dll
0x6b060000 - 0x6b080000 	C:\Program Files (x86)\Java\jdk1.8.0_131\jre\bin\instrument.dll
0x6e310000 - 0x6e323000 	C:\Program Files (x86)\Java\jdk1.8.0_131\jre\bin\zip.dll
0x741d0000 - 0x75518000 	C:\WINDOWS\System32\SHELL32.dll
0x76430000 - 0x764bc000 	C:\WINDOWS\System32\shcore.dll
0x75b30000 - 0x760b4000 	C:\WINDOWS\System32\windows.storage.dll
0x760f0000 - 0x76135000 	C:\WINDOWS\System32\shlwapi.dll
0x757c0000 - 0x757ce000 	C:\WINDOWS\System32\kernel.appcore.dll
0x77520000 - 0x77565000 	C:\WINDOWS\System32\powrprof.dll
0x77290000 - 0x772a0000 	C:\WINDOWS\System32\profapi.dll
0x6b040000 - 0x6b056000 	C:\Program Files\JetBrains\IntelliJ IDEA 2018.2.1\bin\breakgen.dll
0x55930000 - 0x55946000 	C:\Program Files (x86)\Java\jdk1.8.0_131\jre\bin\net.dll
0x72a20000 - 0x72a6e000 	C:\WINDOWS\system32\mswsock.dll
0x16670000 - 0x1669c000 	C:\Program Files (x86)\Java\jdk1.8.0_131\bin\jacob-1.17-x86.dll
0x77570000 - 0x77663000 	C:\WINDOWS\System32\ole32.dll
0x768e0000 - 0x76976000 	C:\WINDOWS\System32\OLEAUT32.dll
0x75560000 - 0x755e3000 	C:\WINDOWS\System32\clbcatq.dll
0x6e930000 - 0x6e9a8000 	C:\WINDOWS\system32\uxtheme.dll
0x16a10000 - 0x16b86000 	C:\Windows\System32\dm.dll
0x53980000 - 0x53aad000 	C:\Windows\System32\MFC42.DLL
0x54d80000 - 0x54e06000 	C:\WINDOWS\SYSTEM32\sxs.dll
0x772a0000 - 0x773e6000 	C:\WINDOWS\System32\MSCTF.dll
0x6e170000 - 0x6e193000 	C:\WINDOWS\system32\dwmapi.dll
0x6a780000 - 0x6a7e7000 	C:\WINDOWS\System32\TextInputFramework.dll
0x6a550000 - 0x6a777000 	C:\WINDOWS\System32\CoreUIComponents.dll
0x6a4c0000 - 0x6a54f000 	C:\WINDOWS\System32\CoreMessaging.dll
0x73960000 - 0x73988000 	C:\WINDOWS\SYSTEM32\ntmarta.dll
0x6a3d0000 - 0x6a4a1000 	C:\WINDOWS\SYSTEM32\wintypes.dll
0x6a4b0000 - 0x6a4c0000 	C:\WINDOWS\SYSTEM32\usermgrcli.dll
0x6a260000 - 0x6a3ce000 	C:\WINDOWS\System32\sogoutsf.ime
0x71b80000 - 0x71b86000 	C:\WINDOWS\System32\MSIMG32.dll
0x19b40000 - 0x1a139000 	C:\WINDOWS\system32\SogouPy.ime
0x71bb0000 - 0x71c5d000 	C:\WINDOWS\SYSTEM32\WINHTTP.dll
0x720f0000 - 0x72146000 	C:\WINDOWS\SYSTEM32\OLEACC.dll
0x6e420000 - 0x6e5d9000 	C:\Program Files (x86)\SogouInput\Components\PicFace\1.1.0.1834\PicFace.dll
0x75930000 - 0x75a1f000 	C:\WINDOWS\System32\COMDLG32.dll
0x1bdc0000 - 0x1bede000 	C:\Program Files (x86)\SogouInput\9.0.0.2472\Resource.dll
0x73380000 - 0x734dd000 	C:\WINDOWS\SYSTEM32\dbghelp.dll

VM Arguments:
jvm_args: -javaagent:C:\Program Files\JetBrains\IntelliJ IDEA 2018.2.1\lib\idea_rt.jar=51170:C:\Program Files\JetBrains\IntelliJ IDEA 2018.2.1\bin -Dfile.encoding=UTF-8 
java_command: com.Test
java_class_path (initial): C:\Program Files (x86)\Java\jdk1.8.0_131\jre\lib\charsets.jar;C:\Program Files (x86)\Java\jdk1.8.0_131\jre\lib\deploy.jar;C:\Program Files (x86)\Java\jdk1.8.0_131\jre\lib\ext\access-bridge-32.jar;C:\Program Files (x86)\Java\jdk1.8.0_131\jre\lib\ext\cldrdata.jar;C:\Program Files (x86)\Java\jdk1.8.0_131\jre\lib\ext\dnsns.jar;C:\Program Files (x86)\Java\jdk1.8.0_131\jre\lib\ext\jaccess.jar;C:\Program Files (x86)\Java\jdk1.8.0_131\jre\lib\ext\jfxrt.jar;C:\Program Files (x86)\Java\jdk1.8.0_131\jre\lib\ext\localedata.jar;C:\Program Files (x86)\Java\jdk1.8.0_131\jre\lib\ext\nashorn.jar;C:\Program Files (x86)\Java\jdk1.8.0_131\jre\lib\ext\sunec.jar;C:\Program Files (x86)\Java\jdk1.8.0_131\jre\lib\ext\sunjce_provider.jar;C:\Program Files (x86)\Java\jdk1.8.0_131\jre\lib\ext\sunmscapi.jar;C:\Program Files (x86)\Java\jdk1.8.0_131\jre\lib\ext\sunpkcs11.jar;C:\Program Files (x86)\Java\jdk1.8.0_131\jre\lib\ext\zipfs.jar;C:\Program Files (x86)\Java\jdk1.8.0_131\jre\lib\javaws.jar;C:\Program Files (x86)\Java\jdk1.8.0_131\jre\lib\jce.jar;C:\Program Files (x86)\Java\jdk1.8.0_131\jre\lib\jfr.jar;C:\Program Files (x86)\Java\jdk1.8.0_131\jre\lib\jfxswt.jar;C:\Program Files (x86)\Java\jdk1.8.0_131\jre\lib\jsse.jar;C:\Program Files (x86)\Java\jdk1.8.0_131\jre\lib\management-agent.jar;C:\Program Files (x86)\Java\jdk1.8.0_131\jre\lib\plugin.jar;C:\Program Files (x86)\Java\jdk1.8.0_131\jre\lib\resources.jar;C:\Program Files (x86)\Java\jdk1.8.0_131\jre\lib\rt.jar;C:\Users\Public\IdeaProjects\_3213213\target\classes;C:\Users\win 10\Desktop\大漠开发工具\jacob.jar;C:\Users\win 10\.m2\repository\net\java\dev\jna\jna\4.1.0\jna-4.1.0.jar;C:\Users\win 10\.m2\repository\net\java\dev\jna\platform\3.5.2\platform-3.5.2.jar;C:\Users\win 10\.m2\repository\com\google\guava\guava\25.1-jre\guava-25.1-jre.jar;C:\Users\win 10\.m2\repository\com\google\code\findbugs\jsr305\3.0.2\jsr305-3.0.2.jar;C:\Users\win 10\.m2\repository\org\checkerframework\checker-qual\2.0.0\checker-qual-2.0.0
Launcher Type: SUN_STANDARD

Environment Variables:
JAVA_HOME=C:\Program Files\Java\jdk1.8.0_131
CLASSPATH=.;C:\Program Files\Java\jdk1.8.0_131\lib;C:\Program Files\Java\jdk1.8.0_131\lib\tools.jar
PATH=C:\ProgramData\Oracle\Java\javapath;C:\WINDOWS\system32;C:\WINDOWS;C:\WINDOWS\System32\Wbem;C:\WINDOWS\System32\WindowsPowerShell\v1.0\;C:\Program Files (x86)\NVIDIA Corporation\PhysX\Common;D:\BaiduNetdiskDownload;"C:\Program Files\Java\jdk1.8.0_131\bin;C:\Program Files\Java\jdk1.8.0_131\jre\bin";C:\Users\win 10\AppData\Local\Microsoft\WindowsApps;
USERNAME=win 10
OS=Windows_NT
PROCESSOR_IDENTIFIER=Intel64 Family 6 Model 158 Stepping 10, GenuineIntel



---------------  S Y S T E M  ---------------

OS: Windows 10.0 , 64 bit Build 15063 (10.0.15063.296)

CPU:total 12 (initial active 12) (6 cores per cpu, 2 threads per core) family 6 model 158 stepping 10, cmov, cx8, fxsr, mmx, sse, sse2, sse3, ssse3, sse4.1, sse4.2, popcnt, avx, avx2, aes, clmul, erms, rtm, 3dnowpref, lzcnt, ht, tsc, tscinvbit, bmi1, bmi2, adx

Memory: 4k page, physical 16717468k(8369480k free), swap 17766044k(6240868k free)

vm_info: Java HotSpot(TM) Client VM (25.131-b11) for windows-x86 JRE (1.8.0_131-b11), built on Mar 15 2017 01:26:29 by "java_re" with MS VC++ 10.0 (VS2010)

time: Sat Aug 18 08:57:39 2018
elapsed time: 7 seconds (0d 0h 0m 7s)

